18-11-2021 00:12:05 - Starting CloudStorageApplicationTests using Java 15.0.2 on LAPTOP-CUF6FNGR with PID 23392 (started by amsmo in D:\JAVA\cloud-storage)

18-11-2021 00:12:05 - No active profile set, falling back to default profiles: default

18-11-2021 00:12:06 - Bootstrapping Spring Data JPA repositories in DEFAULT mode.

18-11-2021 00:12:07 - Finished Spring Data repository scanning in 141 ms. Found 3 JPA repository interfaces.

18-11-2021 00:12:08 - Tomcat initialized with port(s): 0 (http)

18-11-2021 00:12:08 - Starting service [Tomcat]

18-11-2021 00:12:08 - Starting Servlet engine: [Apache Tomcat/9.0.54]

18-11-2021 00:12:08 - Initializing Spring embedded WebApplicationContext

18-11-2021 00:12:08 - Root WebApplicationContext: initialization completed in 3668 ms

18-11-2021 00:12:10 - Successfully acquired change log lock

18-11-2021 00:12:11 - Reading from netology.DATABASECHANGELOG

18-11-2021 00:12:11 - Successfully released change log lock

18-11-2021 00:12:11 - Successfully acquired change log lock

18-11-2021 00:12:11 - Skipping auto-registration

18-11-2021 00:12:11 - Successfully released change log lock

18-11-2021 00:12:11 - HikariPool-1 - Starting...

18-11-2021 00:12:11 - HikariPool-1 - Start completed.

18-11-2021 00:12:11 - HHH000204: Processing PersistenceUnitInfo [name: default]

18-11-2021 00:12:11 - HHH000412: Hibernate ORM core version 5.4.32.Final

18-11-2021 00:12:12 - HCANN000001: Hibernate Commons Annotations {5.1.2.Final}

18-11-2021 00:12:12 - HHH000400: Using dialect: org.hibernate.dialect.MySQL8Dialect

18-11-2021 00:12:13 - HHH000490: Using JtaPlatform implementation: [org.hibernate.engine.transaction.jta.platform.internal.NoJtaPlatform]

18-11-2021 00:12:13 - Initialized JPA EntityManagerFactory for persistence unit 'default'

18-11-2021 00:12:14 - spring.jpa.open-in-view is enabled by default. Therefore, database queries may be performed during view rendering. Explicitly configure spring.jpa.open-in-view to disable this warning

18-11-2021 00:12:14 - Will secure any request with [org.springframework.security.web.context.request.async.WebAsyncManagerIntegrationFilter@c3972d0, org.springframework.security.web.context.SecurityContextPersistenceFilter@3ac2772d, org.springframework.security.web.header.HeaderWriterFilter@f714749, org.springframework.web.filter.CorsFilter@1264dbc9, org.springframework.security.web.authentication.logout.LogoutFilter@3f3e6c03, ru.netology.diploma.security.jwt.JwtTokenFilter@38293d23, org.springframework.security.web.savedrequest.RequestCacheAwareFilter@f9d7d3f, org.springframework.security.web.servletapi.SecurityContextHolderAwareRequestFilter@386cc1c4, org.springframework.security.web.authentication.AnonymousAuthenticationFilter@77f2807f, org.springframework.security.web.session.SessionManagementFilter@6149adee, org.springframework.security.web.access.ExceptionTranslationFilter@246701d5, org.springframework.security.web.access.intercept.FilterSecurityInterceptor@3e0eb917]

18-11-2021 00:12:15 - Cannot find template location: classpath:/templates/ (please add some templates or check your Thymeleaf configuration)

18-11-2021 00:12:15 - Tomcat started on port(s): 61232 (http) with context path ''

18-11-2021 00:12:15 - Started CloudStorageApplicationTests in 11.215 seconds (JVM running for 28.838)

18-11-2021 00:12:48 - Creating container for image: docker/compose:1.24.1

18-11-2021 00:12:48 - Starting container with ID: 5171142646bcc675f0fa207a9ae3b39bfff840eee85167e8e0cef823de88b9a3

18-11-2021 00:12:48 - Container docker/compose:1.24.1 is starting: 5171142646bcc675f0fa207a9ae3b39bfff840eee85167e8e0cef823de88b9a3

18-11-2021 00:12:51 - Container docker/compose:1.24.1 started in PT2.8986949S

18-11-2021 00:12:51 - Docker Compose container is running for command: down -v

18-11-2021 00:12:51 - Docker Compose has finished running

18-11-2021 00:12:51 - STDERR: Stopping dobvttkadlab_db_1 ... 

18-11-2021 00:12:51 - STDERR: [1A[2KStopping dobvttkadlab_db_1 ... done[1BRemoving dobvttkadlab_mycloudapp_1 ... 

18-11-2021 00:12:51 - STDERR: Removing dobvttkadlab_db_1         ... 

18-11-2021 00:12:51 - STDERR: [1A[2KRemoving dobvttkadlab_db_1         ... done[1B[2A[2KRemoving dobvttkadlab_mycloudapp_1 ... done[2BNetwork cloud is external, skipping

18-11-2021 00:12:51 - Closing JPA EntityManagerFactory for persistence unit 'default'

18-11-2021 00:12:51 - HikariPool-1 - Shutdown initiated...

18-11-2021 00:12:51 - HikariPool-1 - Shutdown completed.

18-11-2021 00:16:22 - Starting CloudStorageApplicationTests using Java 15.0.2 on LAPTOP-CUF6FNGR with PID 17688 (started by amsmo in D:\JAVA\cloud-storage)

18-11-2021 00:16:22 - No active profile set, falling back to default profiles: default

18-11-2021 00:16:24 - Bootstrapping Spring Data JPA repositories in DEFAULT mode.

18-11-2021 00:16:24 - Finished Spring Data repository scanning in 206 ms. Found 3 JPA repository interfaces.

18-11-2021 00:16:26 - Tomcat initialized with port(s): 0 (http)

18-11-2021 00:16:26 - Starting service [Tomcat]

18-11-2021 00:16:26 - Starting Servlet engine: [Apache Tomcat/9.0.54]

18-11-2021 00:16:26 - Initializing Spring embedded WebApplicationContext

18-11-2021 00:16:26 - Root WebApplicationContext: initialization completed in 3834 ms

18-11-2021 00:16:27 - Successfully acquired change log lock

18-11-2021 00:16:28 - Reading from netology.DATABASECHANGELOG

18-11-2021 00:16:29 - Successfully released change log lock

18-11-2021 00:16:29 - Successfully acquired change log lock

18-11-2021 00:16:29 - Skipping auto-registration

18-11-2021 00:16:29 - Successfully released change log lock

18-11-2021 00:16:29 - HikariPool-1 - Starting...

18-11-2021 00:16:29 - HikariPool-1 - Start completed.

18-11-2021 00:16:29 - HHH000204: Processing PersistenceUnitInfo [name: default]

18-11-2021 00:16:29 - HHH000412: Hibernate ORM core version 5.4.32.Final

18-11-2021 00:16:30 - HCANN000001: Hibernate Commons Annotations {5.1.2.Final}

18-11-2021 00:16:30 - HHH000400: Using dialect: org.hibernate.dialect.MySQL8Dialect

18-11-2021 00:16:31 - HHH000490: Using JtaPlatform implementation: [org.hibernate.engine.transaction.jta.platform.internal.NoJtaPlatform]

18-11-2021 00:16:31 - Initialized JPA EntityManagerFactory for persistence unit 'default'

18-11-2021 00:16:31 - spring.jpa.open-in-view is enabled by default. Therefore, database queries may be performed during view rendering. Explicitly configure spring.jpa.open-in-view to disable this warning

18-11-2021 00:16:32 - Will secure any request with [org.springframework.security.web.context.request.async.WebAsyncManagerIntegrationFilter@5ca8157c, org.springframework.security.web.context.SecurityContextPersistenceFilter@2c6c6b7b, org.springframework.security.web.header.HeaderWriterFilter@7a1587e8, org.springframework.web.filter.CorsFilter@33cee31a, org.springframework.security.web.authentication.logout.LogoutFilter@269fe2fe, ru.netology.diploma.security.jwt.JwtTokenFilter@1e0bae92, org.springframework.security.web.savedrequest.RequestCacheAwareFilter@3d587c73, org.springframework.security.web.servletapi.SecurityContextHolderAwareRequestFilter@16a83016, org.springframework.security.web.authentication.AnonymousAuthenticationFilter@e9fa0ea, org.springframework.security.web.session.SessionManagementFilter@1ac8f29c, org.springframework.security.web.access.ExceptionTranslationFilter@3e03d75e, org.springframework.security.web.access.intercept.FilterSecurityInterceptor@1b204439]

18-11-2021 00:16:33 - Cannot find template location: classpath:/templates/ (please add some templates or check your Thymeleaf configuration)

18-11-2021 00:16:33 - Tomcat started on port(s): 57233 (http) with context path ''

18-11-2021 00:16:33 - Started CloudStorageApplicationTests in 11.635 seconds (JVM running for 29.888)

18-11-2021 00:16:35 - Creating container for image: docker/compose:1.24.1

18-11-2021 00:16:35 - Starting container with ID: 6e07e4b7725a213a3a642f17354915b98475e672b77c353ca8853af283775891

18-11-2021 00:16:36 - Container docker/compose:1.24.1 is starting: 6e07e4b7725a213a3a642f17354915b98475e672b77c353ca8853af283775891

18-11-2021 00:16:39 - Container docker/compose:1.24.1 started in PT3.7480494S

18-11-2021 00:16:39 - Docker Compose container is running for command: down -v

18-11-2021 00:16:39 - Docker Compose has finished running

18-11-2021 00:16:39 - Closing JPA EntityManagerFactory for persistence unit 'default'

18-11-2021 00:16:39 - HikariPool-1 - Shutdown initiated...

18-11-2021 00:16:39 - HikariPool-1 - Shutdown completed.

18-11-2021 02:32:36 - Starting CloudStorageApplicationTests using Java 15.0.2 on LAPTOP-CUF6FNGR with PID 22256 (started by amsmo in D:\JAVA\cloud-storage)

18-11-2021 02:32:36 - No active profile set, falling back to default profiles: default

18-11-2021 02:32:38 - Bootstrapping Spring Data JPA repositories in DEFAULT mode.

18-11-2021 02:32:39 - Finished Spring Data repository scanning in 157 ms. Found 3 JPA repository interfaces.

18-11-2021 02:32:41 - Tomcat initialized with port(s): 0 (http)

18-11-2021 02:32:41 - Starting service [Tomcat]

18-11-2021 02:32:41 - Starting Servlet engine: [Apache Tomcat/9.0.54]

18-11-2021 02:32:41 - Initializing Spring embedded WebApplicationContext

18-11-2021 02:32:41 - Root WebApplicationContext: initialization completed in 5034 ms

18-11-2021 02:32:43 - Successfully acquired change log lock

18-11-2021 02:32:44 - Reading from netology.DATABASECHANGELOG

18-11-2021 02:32:44 - Successfully released change log lock

18-11-2021 02:32:44 - Successfully acquired change log lock

18-11-2021 02:32:44 - Skipping auto-registration

18-11-2021 02:32:44 - Successfully released change log lock

18-11-2021 02:32:44 - HikariPool-1 - Starting...

18-11-2021 02:32:44 - HikariPool-1 - Start completed.

18-11-2021 02:32:44 - HHH000204: Processing PersistenceUnitInfo [name: default]

18-11-2021 02:32:44 - HHH000412: Hibernate ORM core version 5.4.32.Final

18-11-2021 02:32:45 - HCANN000001: Hibernate Commons Annotations {5.1.2.Final}

18-11-2021 02:32:45 - HHH000400: Using dialect: org.hibernate.dialect.MySQL8Dialect

18-11-2021 02:32:46 - HHH000490: Using JtaPlatform implementation: [org.hibernate.engine.transaction.jta.platform.internal.NoJtaPlatform]

18-11-2021 02:32:46 - Initialized JPA EntityManagerFactory for persistence unit 'default'

18-11-2021 02:32:47 - spring.jpa.open-in-view is enabled by default. Therefore, database queries may be performed during view rendering. Explicitly configure spring.jpa.open-in-view to disable this warning

18-11-2021 02:32:48 - Will secure any request with [org.springframework.security.web.context.request.async.WebAsyncManagerIntegrationFilter@28068327, org.springframework.security.web.context.SecurityContextPersistenceFilter@22ac1a0d, org.springframework.security.web.header.HeaderWriterFilter@3449cddf, org.springframework.web.filter.CorsFilter@3d8c3d0a, org.springframework.security.web.authentication.logout.LogoutFilter@16ef07fa, ru.netology.diploma.security.jwt.JwtTokenFilter@46aa5294, org.springframework.security.web.savedrequest.RequestCacheAwareFilter@e77c9c3, org.springframework.security.web.servletapi.SecurityContextHolderAwareRequestFilter@5c3cc103, org.springframework.security.web.authentication.AnonymousAuthenticationFilter@751636da, org.springframework.security.web.session.SessionManagementFilter@182ce25e, org.springframework.security.web.access.ExceptionTranslationFilter@497f8a4b, org.springframework.security.web.access.intercept.FilterSecurityInterceptor@56957f08]

18-11-2021 02:32:49 - Cannot find template location: classpath:/templates/ (please add some templates or check your Thymeleaf configuration)

18-11-2021 02:32:49 - Tomcat started on port(s): 54763 (http) with context path ''

18-11-2021 02:32:49 - Started CloudStorageApplicationTests in 13.561 seconds (JVM running for 30.013)

18-11-2021 02:33:15 - Closing JPA EntityManagerFactory for persistence unit 'default'

18-11-2021 02:33:15 - HikariPool-1 - Shutdown initiated...

18-11-2021 02:33:15 - HikariPool-1 - Shutdown completed.

18-11-2021 03:30:16 - Starting CloudStorageApplicationTests using Java 15.0.2 on LAPTOP-CUF6FNGR with PID 8592 (started by amsmo in D:\JAVA\cloud-storage)

18-11-2021 03:30:16 - No active profile set, falling back to default profiles: default

18-11-2021 03:30:17 - Bootstrapping Spring Data JPA repositories in DEFAULT mode.

18-11-2021 03:30:17 - Finished Spring Data repository scanning in 59 ms. Found 3 JPA repository interfaces.

18-11-2021 03:30:18 - Tomcat initialized with port(s): 0 (http)

18-11-2021 03:30:18 - Starting service [Tomcat]

18-11-2021 03:30:18 - Starting Servlet engine: [Apache Tomcat/9.0.54]

18-11-2021 03:30:18 - Initializing Spring embedded WebApplicationContext

18-11-2021 03:30:18 - Root WebApplicationContext: initialization completed in 1675 ms

18-11-2021 03:30:19 - Successfully acquired change log lock

18-11-2021 03:30:19 - Reading from netology.DATABASECHANGELOG

18-11-2021 03:30:19 - Successfully released change log lock

18-11-2021 03:30:19 - Successfully acquired change log lock

18-11-2021 03:30:19 - Skipping auto-registration

18-11-2021 03:30:19 - Successfully released change log lock

18-11-2021 03:30:20 - HikariPool-1 - Starting...

18-11-2021 03:30:20 - HikariPool-1 - Start completed.

18-11-2021 03:30:20 - HHH000204: Processing PersistenceUnitInfo [name: default]

18-11-2021 03:30:20 - HHH000412: Hibernate ORM core version 5.4.32.Final

18-11-2021 03:30:20 - HCANN000001: Hibernate Commons Annotations {5.1.2.Final}

18-11-2021 03:30:20 - HHH000400: Using dialect: org.hibernate.dialect.MySQL8Dialect

18-11-2021 03:30:21 - HHH000490: Using JtaPlatform implementation: [org.hibernate.engine.transaction.jta.platform.internal.NoJtaPlatform]

18-11-2021 03:30:21 - Initialized JPA EntityManagerFactory for persistence unit 'default'

18-11-2021 03:30:21 - spring.jpa.open-in-view is enabled by default. Therefore, database queries may be performed during view rendering. Explicitly configure spring.jpa.open-in-view to disable this warning

18-11-2021 03:30:22 - Will secure any request with [org.springframework.security.web.context.request.async.WebAsyncManagerIntegrationFilter@68abf2ad, org.springframework.security.web.context.SecurityContextPersistenceFilter@681ba763, org.springframework.security.web.header.HeaderWriterFilter@4164ab12, org.springframework.web.filter.CorsFilter@2cf29dce, org.springframework.security.web.authentication.logout.LogoutFilter@3bde85b0, ru.netology.diploma.security.jwt.JwtTokenFilter@6915b614, org.springframework.security.web.savedrequest.RequestCacheAwareFilter@7593716d, org.springframework.security.web.servletapi.SecurityContextHolderAwareRequestFilter@223e51e4, org.springframework.security.web.authentication.AnonymousAuthenticationFilter@5cdd5ff9, org.springframework.security.web.session.SessionManagementFilter@4756c8f3, org.springframework.security.web.access.ExceptionTranslationFilter@121ec5c2, org.springframework.security.web.access.intercept.FilterSecurityInterceptor@466a5b80]

18-11-2021 03:30:22 - Cannot find template location: classpath:/templates/ (please add some templates or check your Thymeleaf configuration)

18-11-2021 03:30:23 - Tomcat started on port(s): 58483 (http) with context path ''

18-11-2021 03:30:23 - Started CloudStorageApplicationTests in 6.547 seconds (JVM running for 13.467)

18-11-2021 03:30:32 - Closing JPA EntityManagerFactory for persistence unit 'default'

18-11-2021 03:30:32 - HikariPool-1 - Shutdown initiated...

18-11-2021 03:30:32 - HikariPool-1 - Shutdown completed.

18-11-2021 03:31:57 - Starting CloudStorageApplicationTests using Java 15.0.2 on LAPTOP-CUF6FNGR with PID 21940 (started by amsmo in D:\JAVA\cloud-storage)

18-11-2021 03:31:57 - No active profile set, falling back to default profiles: default

18-11-2021 03:31:58 - Bootstrapping Spring Data JPA repositories in DEFAULT mode.

18-11-2021 03:31:58 - Finished Spring Data repository scanning in 61 ms. Found 3 JPA repository interfaces.

18-11-2021 03:31:59 - Tomcat initialized with port(s): 0 (http)

18-11-2021 03:31:59 - Starting service [Tomcat]

18-11-2021 03:31:59 - Starting Servlet engine: [Apache Tomcat/9.0.54]

18-11-2021 03:31:59 - Initializing Spring embedded WebApplicationContext

18-11-2021 03:31:59 - Root WebApplicationContext: initialization completed in 1910 ms

18-11-2021 03:32:00 - Successfully acquired change log lock

18-11-2021 03:32:00 - Reading from netology.DATABASECHANGELOG

18-11-2021 03:32:01 - Successfully released change log lock

18-11-2021 03:32:01 - Successfully acquired change log lock

18-11-2021 03:32:01 - Skipping auto-registration

18-11-2021 03:32:01 - Successfully released change log lock

18-11-2021 03:32:01 - HikariPool-1 - Starting...

18-11-2021 03:32:01 - HikariPool-1 - Start completed.

18-11-2021 03:32:01 - HHH000204: Processing PersistenceUnitInfo [name: default]

18-11-2021 03:32:01 - HHH000412: Hibernate ORM core version 5.4.32.Final

18-11-2021 03:32:01 - HCANN000001: Hibernate Commons Annotations {5.1.2.Final}

18-11-2021 03:32:01 - HHH000400: Using dialect: org.hibernate.dialect.MySQL8Dialect

18-11-2021 03:32:02 - HHH000490: Using JtaPlatform implementation: [org.hibernate.engine.transaction.jta.platform.internal.NoJtaPlatform]

18-11-2021 03:32:02 - Initialized JPA EntityManagerFactory for persistence unit 'default'

18-11-2021 03:32:03 - spring.jpa.open-in-view is enabled by default. Therefore, database queries may be performed during view rendering. Explicitly configure spring.jpa.open-in-view to disable this warning

18-11-2021 03:32:03 - Will secure any request with [org.springframework.security.web.context.request.async.WebAsyncManagerIntegrationFilter@4c343088, org.springframework.security.web.context.SecurityContextPersistenceFilter@1e08f0cd, org.springframework.security.web.header.HeaderWriterFilter@168f447d, org.springframework.web.filter.CorsFilter@504ccf42, org.springframework.security.web.authentication.logout.LogoutFilter@6b0aa757, ru.netology.diploma.security.jwt.JwtTokenFilter@4dbeae45, org.springframework.security.web.savedrequest.RequestCacheAwareFilter@5ad67d82, org.springframework.security.web.servletapi.SecurityContextHolderAwareRequestFilter@71d2bc34, org.springframework.security.web.authentication.AnonymousAuthenticationFilter@42130a5c, org.springframework.security.web.session.SessionManagementFilter@1934a7c1, org.springframework.security.web.access.ExceptionTranslationFilter@22b00077, org.springframework.security.web.access.intercept.FilterSecurityInterceptor@40fd9358]

18-11-2021 03:32:04 - Cannot find template location: classpath:/templates/ (please add some templates or check your Thymeleaf configuration)

18-11-2021 03:32:04 - Tomcat started on port(s): 58623 (http) with context path ''

18-11-2021 03:32:04 - Started CloudStorageApplicationTests in 7.366 seconds (JVM running for 11.11)

18-11-2021 03:32:11 - Closing JPA EntityManagerFactory for persistence unit 'default'

18-11-2021 03:32:11 - HikariPool-1 - Shutdown initiated...

18-11-2021 03:32:11 - HikariPool-1 - Shutdown completed.

18-11-2021 03:34:09 - Starting CloudStorageApplicationTests using Java 15.0.2 on LAPTOP-CUF6FNGR with PID 9596 (started by amsmo in D:\JAVA\cloud-storage)

18-11-2021 03:34:09 - No active profile set, falling back to default profiles: default

18-11-2021 03:34:10 - Bootstrapping Spring Data JPA repositories in DEFAULT mode.

18-11-2021 03:34:10 - Finished Spring Data repository scanning in 60 ms. Found 3 JPA repository interfaces.

18-11-2021 03:34:11 - Tomcat initialized with port(s): 0 (http)

18-11-2021 03:34:11 - Starting service [Tomcat]

18-11-2021 03:34:11 - Starting Servlet engine: [Apache Tomcat/9.0.54]

18-11-2021 03:34:11 - Initializing Spring embedded WebApplicationContext

18-11-2021 03:34:11 - Root WebApplicationContext: initialization completed in 2084 ms

18-11-2021 03:34:12 - Successfully acquired change log lock

18-11-2021 03:34:13 - Reading from netology.DATABASECHANGELOG

18-11-2021 03:34:13 - Successfully released change log lock

18-11-2021 03:34:13 - Successfully acquired change log lock

18-11-2021 03:34:13 - Skipping auto-registration

18-11-2021 03:34:13 - Successfully released change log lock

18-11-2021 03:34:13 - HikariPool-1 - Starting...

18-11-2021 03:34:13 - HikariPool-1 - Start completed.

18-11-2021 03:34:13 - HHH000204: Processing PersistenceUnitInfo [name: default]

18-11-2021 03:34:13 - HHH000412: Hibernate ORM core version 5.4.32.Final

18-11-2021 03:34:13 - HCANN000001: Hibernate Commons Annotations {5.1.2.Final}

18-11-2021 03:34:13 - HHH000400: Using dialect: org.hibernate.dialect.MySQL8Dialect

18-11-2021 03:34:14 - HHH000490: Using JtaPlatform implementation: [org.hibernate.engine.transaction.jta.platform.internal.NoJtaPlatform]

18-11-2021 03:34:14 - Initialized JPA EntityManagerFactory for persistence unit 'default'

18-11-2021 03:34:15 - spring.jpa.open-in-view is enabled by default. Therefore, database queries may be performed during view rendering. Explicitly configure spring.jpa.open-in-view to disable this warning

18-11-2021 03:34:15 - Will secure any request with [org.springframework.security.web.context.request.async.WebAsyncManagerIntegrationFilter@245a90b1, org.springframework.security.web.context.SecurityContextPersistenceFilter@75bbeb89, org.springframework.security.web.header.HeaderWriterFilter@1915879c, org.springframework.web.filter.CorsFilter@6b438782, org.springframework.security.web.authentication.logout.LogoutFilter@6e48b9ed, ru.netology.diploma.security.jwt.JwtTokenFilter@2287bbd1, org.springframework.security.web.savedrequest.RequestCacheAwareFilter@19cc697c, org.springframework.security.web.servletapi.SecurityContextHolderAwareRequestFilter@7c9d2ed7, org.springframework.security.web.authentication.AnonymousAuthenticationFilter@68abf2ad, org.springframework.security.web.session.SessionManagementFilter@322f6283, org.springframework.security.web.access.ExceptionTranslationFilter@7785430c, org.springframework.security.web.access.intercept.FilterSecurityInterceptor@d436e51]

18-11-2021 03:34:16 - Cannot find template location: classpath:/templates/ (please add some templates or check your Thymeleaf configuration)

18-11-2021 03:34:16 - Tomcat started on port(s): 58784 (http) with context path ''

18-11-2021 03:34:16 - Started CloudStorageApplicationTests in 7.252 seconds (JVM running for 10.861)

18-11-2021 03:38:20 - HikariPool-1 - Thread starvation or clock leap detected (housekeeper delta=4m7s131ms559µs700ns).

18-11-2021 03:38:20 - Closing JPA EntityManagerFactory for persistence unit 'default'

18-11-2021 03:38:20 - HikariPool-1 - Shutdown initiated...

18-11-2021 03:38:20 - HikariPool-1 - Shutdown completed.

18-11-2021 03:38:28 - Starting CloudStorageApplicationTests using Java 15.0.2 on LAPTOP-CUF6FNGR with PID 9296 (started by amsmo in D:\JAVA\cloud-storage)

18-11-2021 03:38:28 - No active profile set, falling back to default profiles: default

18-11-2021 03:38:29 - Bootstrapping Spring Data JPA repositories in DEFAULT mode.

18-11-2021 03:38:29 - Finished Spring Data repository scanning in 54 ms. Found 3 JPA repository interfaces.

18-11-2021 03:38:30 - Tomcat initialized with port(s): 0 (http)

18-11-2021 03:38:30 - Starting service [Tomcat]

18-11-2021 03:38:30 - Starting Servlet engine: [Apache Tomcat/9.0.54]

18-11-2021 03:38:30 - Initializing Spring embedded WebApplicationContext

18-11-2021 03:38:30 - Root WebApplicationContext: initialization completed in 1905 ms

18-11-2021 03:38:31 - Successfully acquired change log lock

18-11-2021 03:38:31 - Reading from netology.DATABASECHANGELOG

18-11-2021 03:38:31 - Successfully released change log lock

18-11-2021 03:38:31 - Successfully acquired change log lock

18-11-2021 03:38:31 - Skipping auto-registration

18-11-2021 03:38:31 - Successfully released change log lock

18-11-2021 03:38:31 - HikariPool-1 - Starting...

18-11-2021 03:38:31 - HikariPool-1 - Start completed.

18-11-2021 03:38:32 - HHH000204: Processing PersistenceUnitInfo [name: default]

18-11-2021 03:38:32 - HHH000412: Hibernate ORM core version 5.4.32.Final

18-11-2021 03:38:32 - HCANN000001: Hibernate Commons Annotations {5.1.2.Final}

18-11-2021 03:38:32 - HHH000400: Using dialect: org.hibernate.dialect.MySQL8Dialect

18-11-2021 03:38:33 - HHH000490: Using JtaPlatform implementation: [org.hibernate.engine.transaction.jta.platform.internal.NoJtaPlatform]

18-11-2021 03:38:33 - Initialized JPA EntityManagerFactory for persistence unit 'default'

18-11-2021 03:38:33 - spring.jpa.open-in-view is enabled by default. Therefore, database queries may be performed during view rendering. Explicitly configure spring.jpa.open-in-view to disable this warning

18-11-2021 03:38:34 - Will secure any request with [org.springframework.security.web.context.request.async.WebAsyncManagerIntegrationFilter@689504b1, org.springframework.security.web.context.SecurityContextPersistenceFilter@1934a7c1, org.springframework.security.web.header.HeaderWriterFilter@6645c1f, org.springframework.web.filter.CorsFilter@bf2f2ce, org.springframework.security.web.authentication.logout.LogoutFilter@73611fbb, ru.netology.diploma.security.jwt.JwtTokenFilter@67726dd1, org.springframework.security.web.savedrequest.RequestCacheAwareFilter@223e51e4, org.springframework.security.web.servletapi.SecurityContextHolderAwareRequestFilter@620ba2b0, org.springframework.security.web.authentication.AnonymousAuthenticationFilter@7b1d3a05, org.springframework.security.web.session.SessionManagementFilter@4086e003, org.springframework.security.web.access.ExceptionTranslationFilter@2a6b6f4, org.springframework.security.web.access.intercept.FilterSecurityInterceptor@71904ea8]

18-11-2021 03:38:34 - Cannot find template location: classpath:/templates/ (please add some templates or check your Thymeleaf configuration)

18-11-2021 03:38:35 - Tomcat started on port(s): 59110 (http) with context path ''

18-11-2021 03:38:35 - Started CloudStorageApplicationTests in 7.139 seconds (JVM running for 10.728)

18-11-2021 03:43:25 - HikariPool-1 - Thread starvation or clock leap detected (housekeeper delta=4m53s268ms260µs600ns).

18-11-2021 03:43:25 - Closing JPA EntityManagerFactory for persistence unit 'default'

18-11-2021 03:43:25 - HikariPool-1 - Shutdown initiated...

18-11-2021 03:43:25 - HikariPool-1 - Shutdown completed.

18-11-2021 03:45:23 - Starting CloudStorageApplicationTests using Java 15.0.2 on LAPTOP-CUF6FNGR with PID 16340 (started by amsmo in D:\JAVA\cloud-storage)

18-11-2021 03:45:23 - No active profile set, falling back to default profiles: default

18-11-2021 03:45:24 - Bootstrapping Spring Data JPA repositories in DEFAULT mode.

18-11-2021 03:45:24 - Finished Spring Data repository scanning in 77 ms. Found 3 JPA repository interfaces.

18-11-2021 03:45:25 - Tomcat initialized with port(s): 0 (http)

18-11-2021 03:45:25 - Starting service [Tomcat]

18-11-2021 03:45:25 - Starting Servlet engine: [Apache Tomcat/9.0.54]

18-11-2021 03:45:26 - Initializing Spring embedded WebApplicationContext

18-11-2021 03:45:26 - Root WebApplicationContext: initialization completed in 2514 ms

18-11-2021 03:45:27 - Successfully acquired change log lock

18-11-2021 03:45:27 - Reading from netology.DATABASECHANGELOG

18-11-2021 03:45:27 - Successfully released change log lock

18-11-2021 03:45:27 - Successfully acquired change log lock

18-11-2021 03:45:27 - Skipping auto-registration

18-11-2021 03:45:27 - Successfully released change log lock

18-11-2021 03:45:28 - HikariPool-1 - Starting...

18-11-2021 03:45:28 - HikariPool-1 - Start completed.

18-11-2021 03:45:28 - HHH000204: Processing PersistenceUnitInfo [name: default]

18-11-2021 03:45:28 - HHH000412: Hibernate ORM core version 5.4.32.Final

18-11-2021 03:45:28 - HCANN000001: Hibernate Commons Annotations {5.1.2.Final}

18-11-2021 03:45:28 - HHH000400: Using dialect: org.hibernate.dialect.MySQL8Dialect

18-11-2021 03:45:29 - HHH000490: Using JtaPlatform implementation: [org.hibernate.engine.transaction.jta.platform.internal.NoJtaPlatform]

18-11-2021 03:45:29 - Initialized JPA EntityManagerFactory for persistence unit 'default'

18-11-2021 03:45:30 - spring.jpa.open-in-view is enabled by default. Therefore, database queries may be performed during view rendering. Explicitly configure spring.jpa.open-in-view to disable this warning

18-11-2021 03:45:30 - Will secure any request with [org.springframework.security.web.context.request.async.WebAsyncManagerIntegrationFilter@6e925a46, org.springframework.security.web.context.SecurityContextPersistenceFilter@5ad67d82, org.springframework.security.web.header.HeaderWriterFilter@75bbeb89, org.springframework.web.filter.CorsFilter@34f876c, org.springframework.security.web.authentication.logout.LogoutFilter@62e55482, ru.netology.diploma.security.jwt.JwtTokenFilter@63513c1c, org.springframework.security.web.savedrequest.RequestCacheAwareFilter@bd8f424, org.springframework.security.web.servletapi.SecurityContextHolderAwareRequestFilter@4f290f46, org.springframework.security.web.authentication.AnonymousAuthenticationFilter@35cf7e98, org.springframework.security.web.session.SessionManagementFilter@223e51e4, org.springframework.security.web.access.ExceptionTranslationFilter@237e4ed9, org.springframework.security.web.access.intercept.FilterSecurityInterceptor@65c97eeb]

18-11-2021 03:45:31 - Cannot find template location: classpath:/templates/ (please add some templates or check your Thymeleaf configuration)

18-11-2021 03:45:31 - Tomcat started on port(s): 59639 (http) with context path ''

18-11-2021 03:45:31 - Started CloudStorageApplicationTests in 8.427 seconds (JVM running for 17.05)

18-11-2021 03:45:31 - Preemptively checking local images for 'openjdk:8-jdk-alpine', referenced via a compose file or transitive Dockerfile. If not available, it will be pulled.

18-11-2021 03:45:31 - Preemptively checking local images for 'mysql:8.0', referenced via a compose file or transitive Dockerfile. If not available, it will be pulled.

18-11-2021 03:45:31 - Local Docker Compose is running command: up -d

18-11-2021 03:45:32 - Creating network "bsdbxm3fgygf_default" with the default driver

18-11-2021 03:45:33 - Building mycloudapp

18-11-2021 03:45:34 - #1 [internal] load build definition from Dockerfile

18-11-2021 03:45:34 - #1 sha256:06e6f0a3088496ac88e211da51cb6c1b0a0f57479a5a47ae4a2cf063efb077f4

18-11-2021 03:45:34 - #1 transferring dockerfile: 32B done

18-11-2021 03:45:34 - #1 DONE 0.0s

18-11-2021 03:45:34 - #2 [internal] load .dockerignore

18-11-2021 03:45:34 - #2 sha256:63ae53e80f4ce361e01ee96b520d18f2082a0a40a52f042e89a5a4cbc8ec4725

18-11-2021 03:45:34 - #2 transferring context: 2B done

18-11-2021 03:45:34 - #2 DONE 0.0s

18-11-2021 03:45:34 - #3 [internal] load metadata for docker.io/library/openjdk:8-jdk-alpine

18-11-2021 03:45:34 - #3 sha256:d758512ecc4a4d978b274098688e884e061155d4c36c119bf2fd83b966ae4841

18-11-2021 03:45:34 - #3 DONE 0.0s

18-11-2021 03:45:34 - #5 [internal] load build context

18-11-2021 03:45:34 - #5 sha256:3d81ef8aee05c6abef530f9d095470c51b6bbc4ec6a718791432bfda420ba369

18-11-2021 03:45:34 - #5 transferring context: 31.12kB done

18-11-2021 03:45:34 - #5 DONE 0.0s

18-11-2021 03:45:34 - #4 [1/3] FROM docker.io/library/openjdk:8-jdk-alpine

18-11-2021 03:45:34 - #4 sha256:d680c6a82813d080081fbc3c024d21ddfa7ff995981cc7b4bfafe55edf80a319

18-11-2021 03:45:34 - #4 CACHED

18-11-2021 03:45:34 - #6 [2/3] ADD ./log cloud-storage.log

18-11-2021 03:45:34 - #6 sha256:0741eab9501c03ad462d7ae7d28d175c910039a9a36f23d34bfda79c47d1cd16

18-11-2021 03:45:34 - #6 DONE 0.0s

18-11-2021 03:45:34 - #7 [3/3] ADD target/diploma-0.0.1-SNAPSHOT.jar mycloudapp.jar

18-11-2021 03:45:34 - #7 sha256:a792ae61fb45ff41044896d626d21b6c50b0d2871e63438b2348b97b6454c262

18-11-2021 03:45:34 - #7 DONE 0.1s

18-11-2021 03:45:34 - #8 exporting to image

18-11-2021 03:45:34 - #8 sha256:e8c613e07b0b7ff33893b694f7759a10d42e180f2b4dc349fb57dc6b71dcab00

18-11-2021 03:45:34 - #8 exporting layers

18-11-2021 03:45:35 - #8 exporting layers 0.2s done

18-11-2021 03:45:35 - #8 writing image sha256:6668d0e6613fa46484b251d824e8ed17da4958d63f6b60907025b230e0825fa2 done

18-11-2021 03:45:35 - #8 naming to docker.io/library/bsdbxm3fgygf_mycloudapp done

18-11-2021 03:45:35 - #8 DONE 0.2s

18-11-2021 03:45:35 - Use 'docker scan' to run Snyk tests against images to find vulnerabilities and learn how to fix them

18-11-2021 03:45:35 - Image for service mycloudapp was built because it did not already exist. To rebuild this image you must use `docker-compose build` or `docker-compose up --build`.

18-11-2021 03:45:35 - Creating bsdbxm3fgygf_db_1 ... 

18-11-2021 03:45:35 - 

18-11-2021 03:45:36 - Creating bsdbxm3fgygf_db_1 ... done

18-11-2021 03:45:36 - 

18-11-2021 03:45:36 - Creating bsdbxm3fgygf_mycloudapp_1 ... 

18-11-2021 03:45:36 - 

18-11-2021 03:45:37 - Creating bsdbxm3fgygf_mycloudapp_1 ... done

18-11-2021 03:45:37 - 

18-11-2021 03:45:38 - Docker Compose has finished running

18-11-2021 03:45:38 - Creating container for image: alpine/socat:1.7.3.4-r0

18-11-2021 03:45:38 - Starting container with ID: cc221c627ba5483f4fea9be95cdb86306039e59cef9c65dac342675947b3e914

18-11-2021 03:45:40 - Container alpine/socat:1.7.3.4-r0 is starting: cc221c627ba5483f4fea9be95cdb86306039e59cef9c65dac342675947b3e914

18-11-2021 03:45:40 - Container alpine/socat:1.7.3.4-r0 started in PT2.3317023S

18-11-2021 03:45:41 - An exception while executing the internal check: Container.ExecResult(exitCode=127, stdout=, stderr=/bin/sh: /bin/bash: not found
)

18-11-2021 03:46:40 - Closing JPA EntityManagerFactory for persistence unit 'default'

18-11-2021 03:46:40 - HikariPool-1 - Shutdown initiated...

18-11-2021 03:46:40 - HikariPool-1 - Shutdown completed.

18-11-2021 03:49:28 - Starting CloudStorageApplicationTests using Java 15.0.2 on LAPTOP-CUF6FNGR with PID 15948 (started by amsmo in D:\JAVA\cloud-storage)

18-11-2021 03:49:28 - No active profile set, falling back to default profiles: default

18-11-2021 03:49:28 - Bootstrapping Spring Data JPA repositories in DEFAULT mode.

18-11-2021 03:49:29 - Finished Spring Data repository scanning in 63 ms. Found 3 JPA repository interfaces.

18-11-2021 03:49:29 - Tomcat initialized with port(s): 0 (http)

18-11-2021 03:49:29 - Starting service [Tomcat]

18-11-2021 03:49:29 - Starting Servlet engine: [Apache Tomcat/9.0.54]

18-11-2021 03:49:30 - Initializing Spring embedded WebApplicationContext

18-11-2021 03:49:30 - Root WebApplicationContext: initialization completed in 2039 ms

18-11-2021 03:49:30 - Successfully acquired change log lock

18-11-2021 03:49:31 - Reading from netology.DATABASECHANGELOG

18-11-2021 03:49:31 - Successfully released change log lock

18-11-2021 03:49:31 - Successfully acquired change log lock

18-11-2021 03:49:31 - Skipping auto-registration

18-11-2021 03:49:31 - Successfully released change log lock

18-11-2021 03:49:31 - HikariPool-1 - Starting...

18-11-2021 03:49:31 - HikariPool-1 - Start completed.

18-11-2021 03:49:31 - HHH000204: Processing PersistenceUnitInfo [name: default]

18-11-2021 03:49:31 - HHH000412: Hibernate ORM core version 5.4.32.Final

18-11-2021 03:49:32 - HCANN000001: Hibernate Commons Annotations {5.1.2.Final}

18-11-2021 03:49:32 - HHH000400: Using dialect: org.hibernate.dialect.MySQL8Dialect

18-11-2021 03:49:33 - HHH000490: Using JtaPlatform implementation: [org.hibernate.engine.transaction.jta.platform.internal.NoJtaPlatform]

18-11-2021 03:49:33 - Initialized JPA EntityManagerFactory for persistence unit 'default'

18-11-2021 03:49:33 - spring.jpa.open-in-view is enabled by default. Therefore, database queries may be performed during view rendering. Explicitly configure spring.jpa.open-in-view to disable this warning

18-11-2021 03:49:34 - Will secure any request with [org.springframework.security.web.context.request.async.WebAsyncManagerIntegrationFilter@2b55ac77, org.springframework.security.web.context.SecurityContextPersistenceFilter@7593716d, org.springframework.security.web.header.HeaderWriterFilter@11636d43, org.springframework.web.filter.CorsFilter@1c5c0d2a, org.springframework.security.web.authentication.logout.LogoutFilter@5d571179, ru.netology.diploma.security.jwt.JwtTokenFilter@4676fcd9, org.springframework.security.web.savedrequest.RequestCacheAwareFilter@33c590, org.springframework.security.web.servletapi.SecurityContextHolderAwareRequestFilter@ab7ac41, org.springframework.security.web.authentication.AnonymousAuthenticationFilter@24f8ff82, org.springframework.security.web.session.SessionManagementFilter@197bf5ef, org.springframework.security.web.access.ExceptionTranslationFilter@7dc16d33, org.springframework.security.web.access.intercept.FilterSecurityInterceptor@4e8e0052]

18-11-2021 03:49:35 - Cannot find template location: classpath:/templates/ (please add some templates or check your Thymeleaf configuration)

18-11-2021 03:49:35 - Tomcat started on port(s): 59939 (http) with context path ''

18-11-2021 03:49:35 - Started CloudStorageApplicationTests in 7.917 seconds (JVM running for 11.538)

18-11-2021 04:00:55 - HikariPool-1 - Thread starvation or clock leap detected (housekeeper delta=11m23s406ms473µs400ns).

18-11-2021 04:00:55 - Closing JPA EntityManagerFactory for persistence unit 'default'

18-11-2021 04:00:55 - HikariPool-1 - Shutdown initiated...

18-11-2021 04:00:55 - HikariPool-1 - Shutdown completed.

18-11-2021 04:01:03 - Starting CloudStorageApplicationTests using Java 15.0.2 on LAPTOP-CUF6FNGR with PID 18032 (started by amsmo in D:\JAVA\cloud-storage)

18-11-2021 04:01:03 - No active profile set, falling back to default profiles: default

18-11-2021 04:01:04 - Bootstrapping Spring Data JPA repositories in DEFAULT mode.

18-11-2021 04:01:04 - Finished Spring Data repository scanning in 66 ms. Found 3 JPA repository interfaces.

18-11-2021 04:01:05 - Tomcat initialized with port(s): 0 (http)

18-11-2021 04:01:05 - Starting service [Tomcat]

18-11-2021 04:01:05 - Starting Servlet engine: [Apache Tomcat/9.0.54]

18-11-2021 04:01:05 - Initializing Spring embedded WebApplicationContext

18-11-2021 04:01:05 - Root WebApplicationContext: initialization completed in 1894 ms

18-11-2021 04:01:06 - Successfully acquired change log lock

18-11-2021 04:01:07 - Reading from netology.DATABASECHANGELOG

18-11-2021 04:01:07 - Successfully released change log lock

18-11-2021 04:01:07 - Successfully acquired change log lock

18-11-2021 04:01:07 - Skipping auto-registration

18-11-2021 04:01:07 - Successfully released change log lock

18-11-2021 04:01:07 - HikariPool-1 - Starting...

18-11-2021 04:01:07 - HikariPool-1 - Start completed.

18-11-2021 04:01:07 - HHH000204: Processing PersistenceUnitInfo [name: default]

18-11-2021 04:01:07 - HHH000412: Hibernate ORM core version 5.4.32.Final

18-11-2021 04:01:07 - HCANN000001: Hibernate Commons Annotations {5.1.2.Final}

18-11-2021 04:01:07 - HHH000400: Using dialect: org.hibernate.dialect.MySQL8Dialect

18-11-2021 04:01:08 - HHH000490: Using JtaPlatform implementation: [org.hibernate.engine.transaction.jta.platform.internal.NoJtaPlatform]

18-11-2021 04:01:08 - Initialized JPA EntityManagerFactory for persistence unit 'default'

18-11-2021 04:01:09 - spring.jpa.open-in-view is enabled by default. Therefore, database queries may be performed during view rendering. Explicitly configure spring.jpa.open-in-view to disable this warning

18-11-2021 04:01:09 - Will secure any request with [org.springframework.security.web.context.request.async.WebAsyncManagerIntegrationFilter@145c6e4d, org.springframework.security.web.context.SecurityContextPersistenceFilter@6ec5c4e2, org.springframework.security.web.header.HeaderWriterFilter@28b36817, org.springframework.web.filter.CorsFilter@689504b1, org.springframework.security.web.authentication.logout.LogoutFilter@3ea4dcc5, ru.netology.diploma.security.jwt.JwtTokenFilter@5f65a6d7, org.springframework.security.web.savedrequest.RequestCacheAwareFilter@621c7b91, org.springframework.security.web.servletapi.SecurityContextHolderAwareRequestFilter@bd8f424, org.springframework.security.web.authentication.AnonymousAuthenticationFilter@bf2f2ce, org.springframework.security.web.session.SessionManagementFilter@7593716d, org.springframework.security.web.access.ExceptionTranslationFilter@37bafef8, org.springframework.security.web.access.intercept.FilterSecurityInterceptor@4ca37d40]

18-11-2021 04:01:10 - Cannot find template location: classpath:/templates/ (please add some templates or check your Thymeleaf configuration)

18-11-2021 04:01:11 - Tomcat started on port(s): 60773 (http) with context path ''

18-11-2021 04:01:11 - Started CloudStorageApplicationTests in 7.881 seconds (JVM running for 11.515)

18-11-2021 04:02:40 - HikariPool-1 - Thread starvation or clock leap detected (housekeeper delta=1m33s448ms597µs700ns).

18-11-2021 04:02:43 - Closing JPA EntityManagerFactory for persistence unit 'default'

18-11-2021 04:02:43 - HikariPool-1 - Shutdown initiated...

18-11-2021 04:02:43 - HikariPool-1 - Shutdown completed.

18-11-2021 04:10:50 - Starting CloudStorageApplicationTests using Java 15.0.2 on LAPTOP-CUF6FNGR with PID 13688 (started by amsmo in D:\JAVA\cloud-storage)

18-11-2021 04:10:50 - No active profile set, falling back to default profiles: default

18-11-2021 04:10:51 - Bootstrapping Spring Data JPA repositories in DEFAULT mode.

18-11-2021 04:10:51 - Finished Spring Data repository scanning in 68 ms. Found 3 JPA repository interfaces.

18-11-2021 04:10:52 - Tomcat initialized with port(s): 0 (http)

18-11-2021 04:10:52 - Starting service [Tomcat]

18-11-2021 04:10:52 - Starting Servlet engine: [Apache Tomcat/9.0.54]

18-11-2021 04:10:52 - Initializing Spring embedded WebApplicationContext

18-11-2021 04:10:52 - Root WebApplicationContext: initialization completed in 2184 ms

18-11-2021 04:10:53 - Successfully acquired change log lock

18-11-2021 04:10:54 - Reading from netology.DATABASECHANGELOG

18-11-2021 04:10:54 - Successfully released change log lock

18-11-2021 04:10:54 - Successfully acquired change log lock

18-11-2021 04:10:54 - Skipping auto-registration

18-11-2021 04:10:54 - Successfully released change log lock

18-11-2021 04:10:54 - HikariPool-1 - Starting...

18-11-2021 04:10:54 - HikariPool-1 - Start completed.

18-11-2021 04:10:54 - HHH000204: Processing PersistenceUnitInfo [name: default]

18-11-2021 04:10:55 - HHH000412: Hibernate ORM core version 5.4.32.Final

18-11-2021 04:10:55 - HCANN000001: Hibernate Commons Annotations {5.1.2.Final}

18-11-2021 04:10:55 - HHH000400: Using dialect: org.hibernate.dialect.MySQL8Dialect

18-11-2021 04:10:56 - HHH000490: Using JtaPlatform implementation: [org.hibernate.engine.transaction.jta.platform.internal.NoJtaPlatform]

18-11-2021 04:10:56 - Initialized JPA EntityManagerFactory for persistence unit 'default'

18-11-2021 04:10:57 - spring.jpa.open-in-view is enabled by default. Therefore, database queries may be performed during view rendering. Explicitly configure spring.jpa.open-in-view to disable this warning

18-11-2021 04:10:57 - Will secure any request with [org.springframework.security.web.context.request.async.WebAsyncManagerIntegrationFilter@6da53709, org.springframework.security.web.context.SecurityContextPersistenceFilter@3cc9bde9, org.springframework.security.web.header.HeaderWriterFilter@7dc16d33, org.springframework.web.filter.CorsFilter@245a90b1, org.springframework.security.web.authentication.logout.LogoutFilter@20072ff1, ru.netology.diploma.security.jwt.JwtTokenFilter@2b6d9650, org.springframework.security.web.savedrequest.RequestCacheAwareFilter@681ba763, org.springframework.security.web.servletapi.SecurityContextHolderAwareRequestFilter@1934a7c1, org.springframework.security.web.authentication.AnonymousAuthenticationFilter@6b438782, org.springframework.security.web.session.SessionManagementFilter@1ef4179, org.springframework.security.web.access.ExceptionTranslationFilter@4df8f4e9, org.springframework.security.web.access.intercept.FilterSecurityInterceptor@c88a842]

18-11-2021 04:10:58 - Cannot find template location: classpath:/templates/ (please add some templates or check your Thymeleaf configuration)

18-11-2021 04:10:58 - Tomcat started on port(s): 61500 (http) with context path ''

18-11-2021 04:10:58 - Started CloudStorageApplicationTests in 8.63 seconds (JVM running for 12.385)

18-11-2021 04:13:02 - HikariPool-1 - Thread starvation or clock leap detected (housekeeper delta=2m7s742ms433µs300ns).

18-11-2021 04:13:02 - Closing JPA EntityManagerFactory for persistence unit 'default'

18-11-2021 04:13:02 - HikariPool-1 - Shutdown initiated...

18-11-2021 04:13:02 - HikariPool-1 - Shutdown completed.

18-11-2021 04:13:11 - Starting CloudStorageApplicationTests using Java 15.0.2 on LAPTOP-CUF6FNGR with PID 22108 (started by amsmo in D:\JAVA\cloud-storage)

18-11-2021 04:13:11 - No active profile set, falling back to default profiles: default

18-11-2021 04:13:11 - Bootstrapping Spring Data JPA repositories in DEFAULT mode.

18-11-2021 04:13:12 - Finished Spring Data repository scanning in 69 ms. Found 3 JPA repository interfaces.

18-11-2021 04:13:12 - Tomcat initialized with port(s): 0 (http)

18-11-2021 04:13:12 - Starting service [Tomcat]

18-11-2021 04:13:12 - Starting Servlet engine: [Apache Tomcat/9.0.54]

18-11-2021 04:13:13 - Initializing Spring embedded WebApplicationContext

18-11-2021 04:13:13 - Root WebApplicationContext: initialization completed in 2012 ms

18-11-2021 04:13:14 - Successfully acquired change log lock

18-11-2021 04:13:14 - Reading from netology.DATABASECHANGELOG

18-11-2021 04:13:14 - Successfully released change log lock

18-11-2021 04:13:14 - Successfully acquired change log lock

18-11-2021 04:13:14 - Skipping auto-registration

18-11-2021 04:13:14 - Successfully released change log lock

18-11-2021 04:13:14 - HikariPool-1 - Starting...

18-11-2021 04:13:14 - HikariPool-1 - Start completed.

18-11-2021 04:13:14 - HHH000204: Processing PersistenceUnitInfo [name: default]

18-11-2021 04:13:14 - HHH000412: Hibernate ORM core version 5.4.32.Final

18-11-2021 04:13:15 - HCANN000001: Hibernate Commons Annotations {5.1.2.Final}

18-11-2021 04:13:15 - HHH000400: Using dialect: org.hibernate.dialect.MySQL8Dialect

18-11-2021 04:13:16 - HHH000490: Using JtaPlatform implementation: [org.hibernate.engine.transaction.jta.platform.internal.NoJtaPlatform]

18-11-2021 04:13:16 - Initialized JPA EntityManagerFactory for persistence unit 'default'

18-11-2021 04:13:16 - spring.jpa.open-in-view is enabled by default. Therefore, database queries may be performed during view rendering. Explicitly configure spring.jpa.open-in-view to disable this warning

18-11-2021 04:13:17 - Will secure any request with [org.springframework.security.web.context.request.async.WebAsyncManagerIntegrationFilter@689504b1, org.springframework.security.web.context.SecurityContextPersistenceFilter@1934a7c1, org.springframework.security.web.header.HeaderWriterFilter@6645c1f, org.springframework.web.filter.CorsFilter@bf2f2ce, org.springframework.security.web.authentication.logout.LogoutFilter@73611fbb, ru.netology.diploma.security.jwt.JwtTokenFilter@67726dd1, org.springframework.security.web.savedrequest.RequestCacheAwareFilter@223e51e4, org.springframework.security.web.servletapi.SecurityContextHolderAwareRequestFilter@620ba2b0, org.springframework.security.web.authentication.AnonymousAuthenticationFilter@7b1d3a05, org.springframework.security.web.session.SessionManagementFilter@4086e003, org.springframework.security.web.access.ExceptionTranslationFilter@2a6b6f4, org.springframework.security.web.access.intercept.FilterSecurityInterceptor@71904ea8]

18-11-2021 04:13:17 - Cannot find template location: classpath:/templates/ (please add some templates or check your Thymeleaf configuration)

18-11-2021 04:13:18 - Tomcat started on port(s): 61677 (http) with context path ''

18-11-2021 04:13:18 - Started CloudStorageApplicationTests in 7.274 seconds (JVM running for 11.023)

18-11-2021 04:14:23 - HikariPool-1 - Thread starvation or clock leap detected (housekeeper delta=1m8s925ms722µs900ns).

18-11-2021 04:14:35 - Closing JPA EntityManagerFactory for persistence unit 'default'

18-11-2021 04:14:35 - HikariPool-1 - Shutdown initiated...

18-11-2021 04:14:35 - HikariPool-1 - Shutdown completed.

18-11-2021 04:19:08 - Starting CloudStorageApplicationTests using Java 15.0.2 on LAPTOP-CUF6FNGR with PID 2128 (started by amsmo in D:\JAVA\cloud-storage)

18-11-2021 04:19:08 - No active profile set, falling back to default profiles: default

18-11-2021 04:19:09 - Bootstrapping Spring Data JPA repositories in DEFAULT mode.

18-11-2021 04:19:09 - Finished Spring Data repository scanning in 67 ms. Found 3 JPA repository interfaces.

18-11-2021 04:19:10 - Tomcat initialized with port(s): 0 (http)

18-11-2021 04:19:10 - Starting service [Tomcat]

18-11-2021 04:19:10 - Starting Servlet engine: [Apache Tomcat/9.0.54]

18-11-2021 04:19:10 - Initializing Spring embedded WebApplicationContext

18-11-2021 04:19:10 - Root WebApplicationContext: initialization completed in 1964 ms

18-11-2021 04:19:11 - Successfully acquired change log lock

18-11-2021 04:19:12 - Reading from netology.DATABASECHANGELOG

18-11-2021 04:19:12 - Successfully released change log lock

18-11-2021 04:19:12 - Successfully acquired change log lock

18-11-2021 04:19:12 - Skipping auto-registration

18-11-2021 04:19:12 - Successfully released change log lock

18-11-2021 04:19:12 - HikariPool-1 - Starting...

18-11-2021 04:19:12 - HikariPool-1 - Start completed.

18-11-2021 04:19:12 - HHH000204: Processing PersistenceUnitInfo [name: default]

18-11-2021 04:19:12 - HHH000412: Hibernate ORM core version 5.4.32.Final

18-11-2021 04:19:13 - HCANN000001: Hibernate Commons Annotations {5.1.2.Final}

18-11-2021 04:19:13 - HHH000400: Using dialect: org.hibernate.dialect.MySQL8Dialect

18-11-2021 04:19:14 - HHH000490: Using JtaPlatform implementation: [org.hibernate.engine.transaction.jta.platform.internal.NoJtaPlatform]

18-11-2021 04:19:14 - Initialized JPA EntityManagerFactory for persistence unit 'default'

18-11-2021 04:19:15 - spring.jpa.open-in-view is enabled by default. Therefore, database queries may be performed during view rendering. Explicitly configure spring.jpa.open-in-view to disable this warning

18-11-2021 04:19:15 - Will secure any request with [org.springframework.security.web.context.request.async.WebAsyncManagerIntegrationFilter@1368e451, org.springframework.security.web.context.SecurityContextPersistenceFilter@620ba2b0, org.springframework.security.web.header.HeaderWriterFilter@33012e6f, org.springframework.web.filter.CorsFilter@6ce365b7, org.springframework.security.web.authentication.logout.LogoutFilter@4ba99bb7, ru.netology.diploma.security.jwt.JwtTokenFilter@5b084c4c, org.springframework.security.web.savedrequest.RequestCacheAwareFilter@4e739968, org.springframework.security.web.servletapi.SecurityContextHolderAwareRequestFilter@5d96b0f, org.springframework.security.web.authentication.AnonymousAuthenticationFilter@2296ed0d, org.springframework.security.web.session.SessionManagementFilter@5ad67d82, org.springframework.security.web.access.ExceptionTranslationFilter@4756c8f3, org.springframework.security.web.access.intercept.FilterSecurityInterceptor@7d569c10]

18-11-2021 04:19:16 - Cannot find template location: classpath:/templates/ (please add some templates or check your Thymeleaf configuration)

18-11-2021 04:19:16 - Tomcat started on port(s): 62091 (http) with context path ''

18-11-2021 04:19:16 - Started CloudStorageApplicationTests in 8.763 seconds (JVM running for 13.088)

18-11-2021 04:20:16 - HikariPool-1 - Thread starvation or clock leap detected (housekeeper delta=1m4s200ms861µs800ns).

18-11-2021 04:20:16 - Closing JPA EntityManagerFactory for persistence unit 'default'

18-11-2021 04:20:16 - HikariPool-1 - Shutdown initiated...

18-11-2021 04:20:16 - HikariPool-1 - Shutdown completed.

18-11-2021 04:20:25 - Starting CloudStorageApplicationTests using Java 15.0.2 on LAPTOP-CUF6FNGR with PID 18104 (started by amsmo in D:\JAVA\cloud-storage)

18-11-2021 04:20:25 - No active profile set, falling back to default profiles: default

18-11-2021 04:20:26 - Bootstrapping Spring Data JPA repositories in DEFAULT mode.

18-11-2021 04:20:26 - Finished Spring Data repository scanning in 66 ms. Found 3 JPA repository interfaces.

18-11-2021 04:20:27 - Tomcat initialized with port(s): 0 (http)

18-11-2021 04:20:27 - Starting service [Tomcat]

18-11-2021 04:20:27 - Starting Servlet engine: [Apache Tomcat/9.0.54]

18-11-2021 04:20:27 - Initializing Spring embedded WebApplicationContext

18-11-2021 04:20:27 - Root WebApplicationContext: initialization completed in 1855 ms

18-11-2021 04:20:28 - Successfully acquired change log lock

18-11-2021 04:20:28 - Reading from netology.DATABASECHANGELOG

18-11-2021 04:20:28 - Successfully released change log lock

18-11-2021 04:20:28 - Successfully acquired change log lock

18-11-2021 04:20:28 - Skipping auto-registration

18-11-2021 04:20:28 - Successfully released change log lock

18-11-2021 04:20:29 - HikariPool-1 - Starting...

18-11-2021 04:20:29 - HikariPool-1 - Start completed.

18-11-2021 04:20:29 - HHH000204: Processing PersistenceUnitInfo [name: default]

18-11-2021 04:20:29 - HHH000412: Hibernate ORM core version 5.4.32.Final

18-11-2021 04:20:29 - HCANN000001: Hibernate Commons Annotations {5.1.2.Final}

18-11-2021 04:20:29 - HHH000400: Using dialect: org.hibernate.dialect.MySQL8Dialect

18-11-2021 04:20:30 - HHH000490: Using JtaPlatform implementation: [org.hibernate.engine.transaction.jta.platform.internal.NoJtaPlatform]

18-11-2021 04:20:30 - Initialized JPA EntityManagerFactory for persistence unit 'default'

18-11-2021 04:20:30 - spring.jpa.open-in-view is enabled by default. Therefore, database queries may be performed during view rendering. Explicitly configure spring.jpa.open-in-view to disable this warning

18-11-2021 04:20:31 - Will secure any request with [org.springframework.security.web.context.request.async.WebAsyncManagerIntegrationFilter@6b438782, org.springframework.security.web.context.SecurityContextPersistenceFilter@197bf5ef, org.springframework.security.web.header.HeaderWriterFilter@58397dee, org.springframework.web.filter.CorsFilter@68abf2ad, org.springframework.security.web.authentication.logout.LogoutFilter@38ed9fb2, ru.netology.diploma.security.jwt.JwtTokenFilter@41a6cd9e, org.springframework.security.web.savedrequest.RequestCacheAwareFilter@33012e6f, org.springframework.security.web.servletapi.SecurityContextHolderAwareRequestFilter@621c7b91, org.springframework.security.web.authentication.AnonymousAuthenticationFilter@2cf29dce, org.springframework.security.web.session.SessionManagementFilter@168f447d, org.springframework.security.web.access.ExceptionTranslationFilter@13056efe, org.springframework.security.web.access.intercept.FilterSecurityInterceptor@35cc5b75]

18-11-2021 04:20:32 - Cannot find template location: classpath:/templates/ (please add some templates or check your Thymeleaf configuration)

18-11-2021 04:20:32 - Tomcat started on port(s): 62196 (http) with context path ''

18-11-2021 04:20:32 - Started CloudStorageApplicationTests in 7.408 seconds (JVM running for 11.417)

18-11-2021 04:20:53 - Closing JPA EntityManagerFactory for persistence unit 'default'

18-11-2021 04:20:53 - HikariPool-1 - Shutdown initiated...

18-11-2021 04:20:53 - HikariPool-1 - Shutdown completed.

18-11-2021 04:21:01 - Starting CloudStorageApplicationTests using Java 15.0.2 on LAPTOP-CUF6FNGR with PID 7592 (started by amsmo in D:\JAVA\cloud-storage)

18-11-2021 04:21:01 - No active profile set, falling back to default profiles: default

18-11-2021 04:21:02 - Bootstrapping Spring Data JPA repositories in DEFAULT mode.

18-11-2021 04:21:02 - Finished Spring Data repository scanning in 73 ms. Found 3 JPA repository interfaces.

18-11-2021 04:21:03 - Tomcat initialized with port(s): 0 (http)

18-11-2021 04:21:03 - Starting service [Tomcat]

18-11-2021 04:21:03 - Starting Servlet engine: [Apache Tomcat/9.0.54]

18-11-2021 04:21:03 - Initializing Spring embedded WebApplicationContext

18-11-2021 04:21:03 - Root WebApplicationContext: initialization completed in 1924 ms

18-11-2021 04:21:04 - Successfully acquired change log lock

18-11-2021 04:21:04 - Reading from netology.DATABASECHANGELOG

18-11-2021 04:21:04 - Successfully released change log lock

18-11-2021 04:21:04 - Successfully acquired change log lock

18-11-2021 04:21:04 - Skipping auto-registration

18-11-2021 04:21:04 - Successfully released change log lock

18-11-2021 04:21:05 - HikariPool-1 - Starting...

18-11-2021 04:21:05 - HikariPool-1 - Start completed.

18-11-2021 04:21:05 - HHH000204: Processing PersistenceUnitInfo [name: default]

18-11-2021 04:21:05 - HHH000412: Hibernate ORM core version 5.4.32.Final

18-11-2021 04:21:05 - HCANN000001: Hibernate Commons Annotations {5.1.2.Final}

18-11-2021 04:21:05 - HHH000400: Using dialect: org.hibernate.dialect.MySQL8Dialect

18-11-2021 04:21:06 - HHH000490: Using JtaPlatform implementation: [org.hibernate.engine.transaction.jta.platform.internal.NoJtaPlatform]

18-11-2021 04:21:06 - Initialized JPA EntityManagerFactory for persistence unit 'default'

18-11-2021 04:21:07 - spring.jpa.open-in-view is enabled by default. Therefore, database queries may be performed during view rendering. Explicitly configure spring.jpa.open-in-view to disable this warning

18-11-2021 04:21:07 - Will secure any request with [org.springframework.security.web.context.request.async.WebAsyncManagerIntegrationFilter@56540a58, org.springframework.security.web.context.SecurityContextPersistenceFilter@7a273fd7, org.springframework.security.web.header.HeaderWriterFilter@5523f107, org.springframework.web.filter.CorsFilter@15c0a8ad, org.springframework.security.web.authentication.logout.LogoutFilter@589dd717, ru.netology.diploma.security.jwt.JwtTokenFilter@594793d1, org.springframework.security.web.savedrequest.RequestCacheAwareFilter@6f8b1902, org.springframework.security.web.servletapi.SecurityContextHolderAwareRequestFilter@2a12048d, org.springframework.security.web.authentication.AnonymousAuthenticationFilter@10bf2185, org.springframework.security.web.session.SessionManagementFilter@786d8b3b, org.springframework.security.web.access.ExceptionTranslationFilter@5545c42, org.springframework.security.web.access.intercept.FilterSecurityInterceptor@67de5328]

18-11-2021 04:21:08 - Cannot find template location: classpath:/templates/ (please add some templates or check your Thymeleaf configuration)

18-11-2021 04:21:08 - Tomcat started on port(s): 62263 (http) with context path ''

18-11-2021 04:21:08 - Started CloudStorageApplicationTests in 7.326 seconds (JVM running for 10.924)

18-11-2021 04:21:49 - Closing JPA EntityManagerFactory for persistence unit 'default'

18-11-2021 04:21:49 - HikariPool-1 - Shutdown initiated...

18-11-2021 04:21:49 - HikariPool-1 - Shutdown completed.

18-11-2021 04:21:57 - Starting CloudStorageApplicationTests using Java 15.0.2 on LAPTOP-CUF6FNGR with PID 19344 (started by amsmo in D:\JAVA\cloud-storage)

18-11-2021 04:21:57 - No active profile set, falling back to default profiles: default

18-11-2021 04:21:58 - Bootstrapping Spring Data JPA repositories in DEFAULT mode.

18-11-2021 04:21:58 - Finished Spring Data repository scanning in 76 ms. Found 3 JPA repository interfaces.

18-11-2021 04:21:59 - Tomcat initialized with port(s): 0 (http)

18-11-2021 04:21:59 - Starting service [Tomcat]

18-11-2021 04:21:59 - Starting Servlet engine: [Apache Tomcat/9.0.54]

18-11-2021 04:21:59 - Initializing Spring embedded WebApplicationContext

18-11-2021 04:21:59 - Root WebApplicationContext: initialization completed in 1959 ms

18-11-2021 04:22:00 - Successfully acquired change log lock

18-11-2021 04:22:01 - Reading from netology.DATABASECHANGELOG

18-11-2021 04:22:01 - Successfully released change log lock

18-11-2021 04:22:01 - Successfully acquired change log lock

18-11-2021 04:22:01 - Skipping auto-registration

18-11-2021 04:22:01 - Successfully released change log lock

18-11-2021 04:22:01 - HikariPool-1 - Starting...

18-11-2021 04:22:01 - HikariPool-1 - Start completed.

18-11-2021 04:22:01 - HHH000204: Processing PersistenceUnitInfo [name: default]

18-11-2021 04:22:01 - HHH000412: Hibernate ORM core version 5.4.32.Final

18-11-2021 04:22:02 - HCANN000001: Hibernate Commons Annotations {5.1.2.Final}

18-11-2021 04:22:02 - HHH000400: Using dialect: org.hibernate.dialect.MySQL8Dialect

18-11-2021 04:22:02 - HHH000490: Using JtaPlatform implementation: [org.hibernate.engine.transaction.jta.platform.internal.NoJtaPlatform]

18-11-2021 04:22:02 - Initialized JPA EntityManagerFactory for persistence unit 'default'

18-11-2021 04:22:03 - spring.jpa.open-in-view is enabled by default. Therefore, database queries may be performed during view rendering. Explicitly configure spring.jpa.open-in-view to disable this warning

18-11-2021 04:22:03 - Will secure any request with [org.springframework.security.web.context.request.async.WebAsyncManagerIntegrationFilter@2ae92511, org.springframework.security.web.context.SecurityContextPersistenceFilter@589dd717, org.springframework.security.web.header.HeaderWriterFilter@55c901b2, org.springframework.web.filter.CorsFilter@582ce329, org.springframework.security.web.authentication.logout.LogoutFilter@f41db7f, ru.netology.diploma.security.jwt.JwtTokenFilter@37e9d191, org.springframework.security.web.savedrequest.RequestCacheAwareFilter@63f6811e, org.springframework.security.web.servletapi.SecurityContextHolderAwareRequestFilter@1b12c870, org.springframework.security.web.authentication.AnonymousAuthenticationFilter@6df8131c, org.springframework.security.web.session.SessionManagementFilter@3503e68e, org.springframework.security.web.access.ExceptionTranslationFilter@12e8c5c4, org.springframework.security.web.access.intercept.FilterSecurityInterceptor@4bd29a01]

18-11-2021 04:22:04 - Cannot find template location: classpath:/templates/ (please add some templates or check your Thymeleaf configuration)

18-11-2021 04:22:05 - Tomcat started on port(s): 62348 (http) with context path ''

18-11-2021 04:22:05 - Started CloudStorageApplicationTests in 7.311 seconds (JVM running for 11.171)

18-11-2021 04:37:15 - HikariPool-1 - Thread starvation or clock leap detected (housekeeper delta=15m13s882ms311µs500ns).

18-11-2021 04:37:15 - Closing JPA EntityManagerFactory for persistence unit 'default'

18-11-2021 04:37:15 - HikariPool-1 - Shutdown initiated...

18-11-2021 04:37:15 - HikariPool-1 - Shutdown completed.

18-11-2021 04:39:01 - Starting CloudStorageApplicationTests using Java 15.0.2 on LAPTOP-CUF6FNGR with PID 2796 (started by amsmo in D:\JAVA\cloud-storage)

18-11-2021 04:39:01 - No active profile set, falling back to default profiles: default

18-11-2021 04:39:02 - Bootstrapping Spring Data JPA repositories in DEFAULT mode.

18-11-2021 04:39:02 - Finished Spring Data repository scanning in 76 ms. Found 3 JPA repository interfaces.

18-11-2021 04:39:03 - Tomcat initialized with port(s): 0 (http)

18-11-2021 04:39:03 - Starting service [Tomcat]

18-11-2021 04:39:03 - Starting Servlet engine: [Apache Tomcat/9.0.54]

18-11-2021 04:39:03 - Initializing Spring embedded WebApplicationContext

18-11-2021 04:39:03 - Root WebApplicationContext: initialization completed in 1855 ms

18-11-2021 04:39:04 - Successfully acquired change log lock

18-11-2021 04:39:05 - Reading from netology.DATABASECHANGELOG

18-11-2021 04:39:05 - Successfully released change log lock

18-11-2021 04:39:05 - Successfully acquired change log lock

18-11-2021 04:39:05 - Skipping auto-registration

18-11-2021 04:39:05 - Successfully released change log lock

18-11-2021 04:39:05 - HikariPool-1 - Starting...

18-11-2021 04:39:05 - HikariPool-1 - Start completed.

18-11-2021 04:39:05 - HHH000204: Processing PersistenceUnitInfo [name: default]

18-11-2021 04:39:05 - HHH000412: Hibernate ORM core version 5.4.32.Final

18-11-2021 04:39:05 - HCANN000001: Hibernate Commons Annotations {5.1.2.Final}

18-11-2021 04:39:06 - HHH000400: Using dialect: org.hibernate.dialect.MySQL8Dialect

18-11-2021 04:39:06 - HHH000490: Using JtaPlatform implementation: [org.hibernate.engine.transaction.jta.platform.internal.NoJtaPlatform]

18-11-2021 04:39:06 - Initialized JPA EntityManagerFactory for persistence unit 'default'

18-11-2021 04:39:07 - spring.jpa.open-in-view is enabled by default. Therefore, database queries may be performed during view rendering. Explicitly configure spring.jpa.open-in-view to disable this warning

18-11-2021 04:39:07 - Will secure any request with [org.springframework.security.web.context.request.async.WebAsyncManagerIntegrationFilter@582ce329, org.springframework.security.web.context.SecurityContextPersistenceFilter@4eba6e1f, org.springframework.security.web.header.HeaderWriterFilter@7197b96c, org.springframework.web.filter.CorsFilter@6df8131c, org.springframework.security.web.authentication.logout.LogoutFilter@4df8f4e9, ru.netology.diploma.security.jwt.JwtTokenFilter@53a3ccc, org.springframework.security.web.savedrequest.RequestCacheAwareFilter@5565d718, org.springframework.security.web.servletapi.SecurityContextHolderAwareRequestFilter@27df4dcb, org.springframework.security.web.authentication.AnonymousAuthenticationFilter@5e888fba, org.springframework.security.web.session.SessionManagementFilter@7c2d4398, org.springframework.security.web.access.ExceptionTranslationFilter@27a717a7, org.springframework.security.web.access.intercept.FilterSecurityInterceptor@5a4a8a33]

18-11-2021 04:39:08 - Cannot find template location: classpath:/templates/ (please add some templates or check your Thymeleaf configuration)

18-11-2021 04:39:08 - Tomcat started on port(s): 63485 (http) with context path ''

18-11-2021 04:39:08 - Started CloudStorageApplicationTests in 7.104 seconds (JVM running for 10.965)

18-11-2021 04:40:05 - HikariPool-1 - Thread starvation or clock leap detected (housekeeper delta=59s603ms172µs300ns).

18-11-2021 04:40:06 - Closing JPA EntityManagerFactory for persistence unit 'default'

18-11-2021 04:40:06 - HikariPool-1 - Shutdown initiated...

18-11-2021 04:40:06 - HikariPool-1 - Shutdown completed.

